This file contains any messages produced by compilers while
running configure, to aid debugging if configure makes a mistake.

It was created by angora configure 0.12.0, which was
generated by GNU Autoconf 2.68.  Invocation command line was

  $ ./configure 

## --------- ##
## Platform. ##
## --------- ##

hostname = Ulysses
uname -m = x86_64
uname -r = 2.6.35-32-generic
uname -s = Linux
uname -v = #66-Ubuntu SMP Mon Feb 13 21:04:32 UTC 2012

/usr/bin/uname -p = unknown
/bin/uname -X     = unknown

/bin/arch              = unknown
/usr/bin/arch -k       = unknown
/usr/convex/getsysinfo = unknown
/usr/bin/hostinfo      = unknown
/bin/machine           = unknown
/usr/bin/oslevel       = unknown
/bin/universe          = unknown

PATH: /opt/intel/composer_xe_2011_sp1.6.233/bin/intel64
PATH: /usr/local/sbin
PATH: /usr/local/bin
PATH: /usr/sbin
PATH: /usr/bin
PATH: /sbin
PATH: /bin
PATH: /usr/games
PATH: /opt/intel/vtune_amplifier_xe_2011/bin64
PATH: /opt/intel/inspector_xe_2011/bin64
PATH: /opt/intel/composer_xe_2011_sp1.6.233/mpirt/bin/intel64
PATH: /media/storage/matlab_exec/bin


## ----------- ##
## Core tests. ##
## ----------- ##

configure:2549: checking for a BSD-compatible install
configure:2617: result: /usr/bin/install -c
configure:2628: checking whether build environment is sane
configure:2678: result: yes
configure:2819: checking for a thread-safe mkdir -p
configure:2858: result: /bin/mkdir -p
configure:2871: checking for gawk
configure:2887: found /usr/bin/gawk
configure:2898: result: gawk
configure:2909: checking whether make sets $(MAKE)
configure:2931: result: yes
configure:3077: checking for g++
configure:3093: found /usr/local/bin/g++
configure:3104: result: g++
configure:3131: checking for C++ compiler version
configure:3140: g++ --version >&5
g++ (Ubuntu/Linaro 4.4.4-14ubuntu5) 4.4.5
Copyright (C) 2010 Free Software Foundation, Inc.
This is free software; see the source for copying conditions.  There is NO
warranty; not even for MERCHANTABILITY or FITNESS FOR A PARTICULAR PURPOSE.

configure:3151: $? = 0
configure:3140: g++ -v >&5
Using built-in specs.
Target: x86_64-linux-gnu
Configured with: ../src/configure -v --with-pkgversion='Ubuntu/Linaro 4.4.4-14ubuntu5' --with-bugurl=file:///usr/share/doc/gcc-4.4/README.Bugs --enable-languages=c,c++,fortran,objc,obj-c++ --prefix=/usr --program-suffix=-4.4 --enable-shared --enable-multiarch --enable-linker-build-id --with-system-zlib --libexecdir=/usr/lib --without-included-gettext --enable-threads=posix --with-gxx-include-dir=/usr/include/c++/4.4 --libdir=/usr/lib --enable-nls --with-sysroot=/ --enable-clocale=gnu --enable-libstdcxx-debug --enable-objc-gc --disable-werror --with-arch-32=i686 --with-tune=generic --enable-checking=release --build=x86_64-linux-gnu --host=x86_64-linux-gnu --target=x86_64-linux-gnu
Thread model: posix
gcc version 4.4.5 (Ubuntu/Linaro 4.4.4-14ubuntu5) 
configure:3151: $? = 0
configure:3140: g++ -V >&5
g++: '-V' option must have argument
configure:3151: $? = 1
configure:3140: g++ -qversion >&5
g++: unrecognized option '-qversion'
g++: no input files
configure:3151: $? = 1
configure:3171: checking whether the C++ compiler works
configure:3193: g++    conftest.cpp  >&5
configure:3197: $? = 0
configure:3245: result: yes
configure:3248: checking for C++ compiler default output file name
configure:3250: result: a.out
configure:3256: checking for suffix of executables
configure:3263: g++ -o conftest    conftest.cpp  >&5
configure:3267: $? = 0
configure:3289: result: 
configure:3311: checking whether we are cross compiling
configure:3319: g++ -o conftest    conftest.cpp  >&5
configure:3323: $? = 0
configure:3330: ./conftest
configure:3334: $? = 0
configure:3349: result: no
configure:3354: checking for suffix of object files
configure:3376: g++ -c   conftest.cpp >&5
configure:3380: $? = 0
configure:3401: result: o
configure:3405: checking whether we are using the GNU C++ compiler
configure:3424: g++ -c   conftest.cpp >&5
configure:3424: $? = 0
configure:3433: result: yes
configure:3442: checking whether g++ accepts -g
configure:3462: g++ -c -g  conftest.cpp >&5
configure:3462: $? = 0
configure:3503: result: yes
configure:3537: checking for style of include used by make
configure:3565: result: GNU
configure:3590: checking dependency style of g++
configure:3700: result: gcc3
configure:3719: checking for gawk
configure:3746: result: gawk
configure:3805: checking for gcc
configure:3821: found /usr/local/bin/gcc
configure:3832: result: gcc
configure:4061: checking for C compiler version
configure:4070: gcc --version >&5
gcc (Ubuntu/Linaro 4.4.4-14ubuntu5) 4.4.5
Copyright (C) 2010 Free Software Foundation, Inc.
This is free software; see the source for copying conditions.  There is NO
warranty; not even for MERCHANTABILITY or FITNESS FOR A PARTICULAR PURPOSE.

configure:4081: $? = 0
configure:4070: gcc -v >&5
Using built-in specs.
Target: x86_64-linux-gnu
Configured with: ../src/configure -v --with-pkgversion='Ubuntu/Linaro 4.4.4-14ubuntu5' --with-bugurl=file:///usr/share/doc/gcc-4.4/README.Bugs --enable-languages=c,c++,fortran,objc,obj-c++ --prefix=/usr --program-suffix=-4.4 --enable-shared --enable-multiarch --enable-linker-build-id --with-system-zlib --libexecdir=/usr/lib --without-included-gettext --enable-threads=posix --with-gxx-include-dir=/usr/include/c++/4.4 --libdir=/usr/lib --enable-nls --with-sysroot=/ --enable-clocale=gnu --enable-libstdcxx-debug --enable-objc-gc --disable-werror --with-arch-32=i686 --with-tune=generic --enable-checking=release --build=x86_64-linux-gnu --host=x86_64-linux-gnu --target=x86_64-linux-gnu
Thread model: posix
gcc version 4.4.5 (Ubuntu/Linaro 4.4.4-14ubuntu5) 
configure:4081: $? = 0
configure:4070: gcc -V >&5
gcc: '-V' option must have argument
configure:4081: $? = 1
configure:4070: gcc -qversion >&5
gcc: unrecognized option '-qversion'
gcc: no input files
configure:4081: $? = 1
configure:4085: checking whether we are using the GNU C compiler
configure:4104: gcc -c   conftest.c >&5
configure:4104: $? = 0
configure:4113: result: yes
configure:4122: checking whether gcc accepts -g
configure:4142: gcc -c -g  conftest.c >&5
configure:4142: $? = 0
configure:4183: result: yes
configure:4200: checking for gcc option to accept ISO C89
configure:4264: gcc  -c -g -O2  conftest.c >&5
configure:4264: $? = 0
configure:4277: result: none needed
configure:4299: checking dependency style of gcc
configure:4409: result: gcc3
configure:4429: checking how to run the C preprocessor
configure:4460: gcc -E  conftest.c
configure:4460: $? = 0
configure:4474: gcc -E  conftest.c
conftest.c:11: fatal error: ac_nonexistent.h: No such file or directory
compilation terminated.
configure:4474: $? = 1
configure: failed program was:
| /* confdefs.h */
| #define PACKAGE_NAME "angora"
| #define PACKAGE_TARNAME "angora"
| #define PACKAGE_VERSION "0.12.0"
| #define PACKAGE_STRING "angora 0.12.0"
| #define PACKAGE_BUGREPORT "bugs@angorafdtd.org"
| #define PACKAGE_URL ""
| #define PACKAGE "angora"
| #define VERSION "0.12.0"
| /* end confdefs.h.  */
| #include <ac_nonexistent.h>
configure:4499: result: gcc -E
configure:4519: gcc -E  conftest.c
configure:4519: $? = 0
configure:4533: gcc -E  conftest.c
conftest.c:11: fatal error: ac_nonexistent.h: No such file or directory
compilation terminated.
configure:4533: $? = 1
configure: failed program was:
| /* confdefs.h */
| #define PACKAGE_NAME "angora"
| #define PACKAGE_TARNAME "angora"
| #define PACKAGE_VERSION "0.12.0"
| #define PACKAGE_STRING "angora 0.12.0"
| #define PACKAGE_BUGREPORT "bugs@angorafdtd.org"
| #define PACKAGE_URL ""
| #define PACKAGE "angora"
| #define VERSION "0.12.0"
| /* end confdefs.h.  */
| #include <ac_nonexistent.h>
configure:4562: checking whether ln -s works
configure:4566: result: yes
configure:4573: checking whether make sets $(MAKE)
configure:4595: result: yes
configure:4633: checking build system type
configure:4647: result: x86_64-unknown-linux-gnu
configure:4667: checking host system type
configure:4680: result: x86_64-unknown-linux-gnu
configure:4721: checking how to print strings
configure:4748: result: printf
configure:4769: checking for a sed that does not truncate output
configure:4833: result: /bin/sed
configure:4851: checking for grep that handles long lines and -e
configure:4909: result: /bin/grep
configure:4914: checking for egrep
configure:4976: result: /bin/grep -E
configure:4981: checking for fgrep
configure:5043: result: /bin/grep -F
configure:5078: checking for ld used by gcc
configure:5145: result: /usr/bin/ld
configure:5152: checking if the linker (/usr/bin/ld) is GNU ld
configure:5167: result: yes
configure:5179: checking for BSD- or MS-compatible name lister (nm)
configure:5228: result: /usr/bin/nm -B
configure:5358: checking the name lister (/usr/bin/nm -B) interface
configure:5365: g++ -c -g -O2  conftest.cpp >&5
configure:5368: /usr/bin/nm -B "conftest.o"
configure:5371: output
0000000000000000 B some_variable
configure:5378: result: BSD nm
configure:5382: checking the maximum length of command line arguments
configure:5507: result: 1572864
configure:5524: checking whether the shell understands some XSI constructs
configure:5534: result: yes
configure:5538: checking whether the shell understands "+="
configure:5544: result: yes
configure:5579: checking how to convert x86_64-unknown-linux-gnu file names to x86_64-unknown-linux-gnu format
configure:5619: result: func_convert_file_noop
configure:5626: checking how to convert x86_64-unknown-linux-gnu file names to toolchain format
configure:5646: result: func_convert_file_noop
configure:5653: checking for /usr/bin/ld option to reload object files
configure:5660: result: -r
configure:5734: checking for objdump
configure:5750: found /usr/bin/objdump
configure:5761: result: objdump
configure:5793: checking how to recognize dependent libraries
configure:5995: result: pass_all
configure:6080: checking for dlltool
configure:6110: result: no
configure:6140: checking how to associate runtime and link libraries
configure:6167: result: printf %s\n
configure:6228: checking for ar
configure:6244: found /usr/bin/ar
configure:6255: result: ar
configure:6292: checking for archiver @FILE support
configure:6309: g++ -c -g -O2  conftest.cpp >&5
configure:6309: $? = 0
configure:6312: ar cru libconftest.a @conftest.lst >&5
configure:6315: $? = 0
configure:6320: ar cru libconftest.a @conftest.lst >&5
ar: conftest.o: No such file or directory
configure:6323: $? = 1
configure:6335: result: @
configure:6393: checking for strip
configure:6409: found /usr/bin/strip
configure:6420: result: strip
configure:6492: checking for ranlib
configure:6508: found /usr/bin/ranlib
configure:6519: result: ranlib
configure:6621: checking command to parse /usr/bin/nm -B output from gcc object
configure:6740: g++ -c -g -O2  conftest.cpp >&5
configure:6743: $? = 0
configure:6747: /usr/bin/nm -B conftest.o \| sed -n -e 's/^.*[ ]\([ABCDGIRSTW][ABCDGIRSTW]*\)[ ][ ]*\([_A-Za-z][_A-Za-z0-9]*\)$/\1 \2 \2/p' | sed '/ __gnu_lto/d' \> conftest.nm
configure:6750: $? = 0
configure:6816: g++ -o conftest -g -O2   conftest.cpp conftstm.o >&5
configure:6819: $? = 0
configure:6857: result: ok
configure:6894: checking for sysroot
configure:6924: result: no
configure:7002: g++ -c -g -O2  conftest.cpp >&5
configure:7005: $? = 0
configure:7168: checking for mt
configure:7184: found /bin/mt
configure:7195: result: mt
configure:7218: checking if mt is a manifest tool
configure:7224: mt '-?'
configure:7232: result: no
configure:7860: checking for ANSI C header files
configure:7880: g++ -c -g -O2  conftest.cpp >&5
configure:7880: $? = 0
./configure: line 7894: conftest.cpp: command not found
configure:7964: result: no
configure:7977: checking for sys/types.h
configure:7977: g++ -c -g -O2  conftest.cpp >&5
configure:7977: $? = 0
configure:7977: result: yes
configure:7977: checking for sys/stat.h
configure:7977: g++ -c -g -O2  conftest.cpp >&5
configure:7977: $? = 0
configure:7977: result: yes
configure:7977: checking for stdlib.h
configure:7977: g++ -c -g -O2  conftest.cpp >&5
configure:7977: $? = 0
configure:7977: result: yes
configure:7977: checking for string.h
configure:7977: g++ -c -g -O2  conftest.cpp >&5
configure:7977: $? = 0
configure:7977: result: yes
configure:7977: checking for memory.h
configure:7977: g++ -c -g -O2  conftest.cpp >&5
configure:7977: $? = 0
configure:7977: result: yes
configure:7977: checking for strings.h
configure:7977: g++ -c -g -O2  conftest.cpp >&5
configure:7977: $? = 0
configure:7977: result: yes
configure:7977: checking for inttypes.h
configure:7977: g++ -c -g -O2  conftest.cpp >&5
configure:7977: $? = 0
configure:7977: result: yes
configure:7977: checking for stdint.h
configure:7977: g++ -c -g -O2  conftest.cpp >&5
configure:7977: $? = 0
configure:7977: result: yes
configure:7977: checking for unistd.h
configure:7977: g++ -c -g -O2  conftest.cpp >&5
configure:7977: $? = 0
configure:7977: result: yes
configure:7991: checking for dlfcn.h
configure:7991: g++ -c -g -O2  conftest.cpp >&5
configure:7991: $? = 0
configure:7991: result: yes
configure:8188: checking for objdir
configure:8203: result: .libs
configure:8474: checking if gcc supports -fno-rtti -fno-exceptions
configure:8492: gcc -c -g -O2  -fno-rtti -fno-exceptions conftest.c >&5
cc1: warning: command line option "-fno-rtti" is valid for C++/ObjC++ but not for C
configure:8496: $? = 0
configure:8509: result: no
configure:8819: checking for gcc option to produce PIC
configure:8826: result: -fPIC -DPIC
configure:8834: checking if gcc PIC flag -fPIC -DPIC works
configure:8852: gcc -c -g -O2  -fPIC -DPIC -DPIC conftest.c >&5
configure:8856: $? = 0
configure:8869: result: yes
configure:8898: checking if gcc static flag -static works
configure:8926: result: yes
configure:8941: checking if gcc supports -c -o file.o
configure:8962: gcc -c -g -O2  -o out/conftest2.o conftest.c >&5
configure:8966: $? = 0
configure:8988: result: yes
configure:8996: checking if gcc supports -c -o file.o
configure:9043: result: yes
configure:9076: checking whether the gcc linker (/usr/bin/ld -m elf_x86_64) supports shared libraries
configure:10238: result: yes
configure:10275: checking whether -lc should be explicitly linked in
configure:10283: gcc -c -g -O2  conftest.c >&5
configure:10286: $? = 0
configure:10301: gcc -shared  -fPIC -DPIC conftest.o  -v -Wl,-soname -Wl,conftest -o conftest 2\>\&1 \| /bin/grep  -lc  \>/dev/null 2\>\&1
configure:10304: $? = 0
configure:10318: result: no
configure:10483: checking dynamic linker characteristics
configure:10998: gcc -o conftest -g -O2   -Wl,-rpath -Wl,/foo conftest.c  >&5
configure:10998: $? = 0
configure:11232: result: GNU/Linux ld.so
configure:11339: checking how to hardcode library paths into programs
configure:11364: result: immediate
configure:11904: checking whether stripping libraries is possible
configure:11909: result: yes
configure:11944: checking if libtool supports shared libraries
configure:11946: result: yes
configure:11949: checking whether to build shared libraries
configure:11970: result: yes
configure:11973: checking whether to build static libraries
configure:11977: result: yes
configure:12000: checking how to run the C++ preprocessor
configure:12027: g++ -E  conftest.cpp
configure:12027: $? = 0
configure:12041: g++ -E  conftest.cpp
conftest.cpp:22: fatal error: ac_nonexistent.h: No such file or directory
compilation terminated.
configure:12041: $? = 1
configure: failed program was:
| /* confdefs.h */
| #define PACKAGE_NAME "angora"
| #define PACKAGE_TARNAME "angora"
| #define PACKAGE_VERSION "0.12.0"
| #define PACKAGE_STRING "angora 0.12.0"
| #define PACKAGE_BUGREPORT "bugs@angorafdtd.org"
| #define PACKAGE_URL ""
| #define PACKAGE "angora"
| #define VERSION "0.12.0"
| #define HAVE_SYS_TYPES_H 1
| #define HAVE_SYS_STAT_H 1
| #define HAVE_STDLIB_H 1
| #define HAVE_STRING_H 1
| #define HAVE_MEMORY_H 1
| #define HAVE_STRINGS_H 1
| #define HAVE_INTTYPES_H 1
| #define HAVE_STDINT_H 1
| #define HAVE_UNISTD_H 1
| #define HAVE_DLFCN_H 1
| #define LT_OBJDIR ".libs/"
| /* end confdefs.h.  */
| #include <ac_nonexistent.h>
configure:12066: result: g++ -E
configure:12086: g++ -E  conftest.cpp
configure:12086: $? = 0
configure:12100: g++ -E  conftest.cpp
conftest.cpp:22: fatal error: ac_nonexistent.h: No such file or directory
compilation terminated.
configure:12100: $? = 1
configure: failed program was:
| /* confdefs.h */
| #define PACKAGE_NAME "angora"
| #define PACKAGE_TARNAME "angora"
| #define PACKAGE_VERSION "0.12.0"
| #define PACKAGE_STRING "angora 0.12.0"
| #define PACKAGE_BUGREPORT "bugs@angorafdtd.org"
| #define PACKAGE_URL ""
| #define PACKAGE "angora"
| #define VERSION "0.12.0"
| #define HAVE_SYS_TYPES_H 1
| #define HAVE_SYS_STAT_H 1
| #define HAVE_STDLIB_H 1
| #define HAVE_STRING_H 1
| #define HAVE_MEMORY_H 1
| #define HAVE_STRINGS_H 1
| #define HAVE_INTTYPES_H 1
| #define HAVE_STDINT_H 1
| #define HAVE_UNISTD_H 1
| #define HAVE_DLFCN_H 1
| #define LT_OBJDIR ".libs/"
| /* end confdefs.h.  */
| #include <ac_nonexistent.h>
configure:12270: checking for ld used by g++
configure:12337: result: /usr/bin/ld -m elf_x86_64
configure:12344: checking if the linker (/usr/bin/ld -m elf_x86_64) is GNU ld
configure:12359: result: yes
configure:12414: checking whether the g++ linker (/usr/bin/ld -m elf_x86_64) supports shared libraries
configure:13418: result: yes
configure:13453: g++ -c -g -O2  conftest.cpp >&5
configure:13456: $? = 0
configure:13976: checking for g++ option to produce PIC
configure:13983: result: -fPIC -DPIC
configure:13991: checking if g++ PIC flag -fPIC -DPIC works
configure:14009: g++ -c -g -O2  -fPIC -DPIC -DPIC conftest.cpp >&5
configure:14013: $? = 0
configure:14026: result: yes
configure:14049: checking if g++ static flag -static works
configure:14077: result: yes
configure:14089: checking if g++ supports -c -o file.o
configure:14110: g++ -c -g -O2  -o out/conftest2.o conftest.cpp >&5
configure:14114: $? = 0
configure:14136: result: yes
configure:14141: checking if g++ supports -c -o file.o
configure:14188: result: yes
configure:14218: checking whether the g++ linker (/usr/bin/ld -m elf_x86_64) supports shared libraries
configure:14255: result: yes
configure:14398: checking dynamic linker characteristics
configure:15081: result: GNU/Linux ld.so
configure:15134: checking how to hardcode library paths into programs
configure:15159: result: immediate
configure:15224: checking for stdlib.h
configure:15224: result: yes
configure:15224: checking sys/timeb.h usability
configure:15224: g++ -c -g -O2  conftest.cpp >&5
configure:15224: $? = 0
configure:15224: result: yes
configure:15224: checking sys/timeb.h presence
configure:15224: g++ -E  conftest.cpp
configure:15224: $? = 0
configure:15224: result: yes
configure:15224: checking for sys/timeb.h
configure:15224: result: yes
configure:15236: checking for stdbool.h that conforms to C99
configure:15303: g++ -c -g -O2  conftest.cpp >&5
configure:15303: $? = 0
configure:15310: result: yes
configure:15312: checking for _Bool
configure:15312: g++ -c -g -O2  conftest.cpp >&5
conftest.cpp: In function 'int main()':
conftest.cpp:60: error: '_Bool' was not declared in this scope
configure:15312: $? = 1
configure: failed program was:
| /* confdefs.h */
| #define PACKAGE_NAME "angora"
| #define PACKAGE_TARNAME "angora"
| #define PACKAGE_VERSION "0.12.0"
| #define PACKAGE_STRING "angora 0.12.0"
| #define PACKAGE_BUGREPORT "bugs@angorafdtd.org"
| #define PACKAGE_URL ""
| #define PACKAGE "angora"
| #define VERSION "0.12.0"
| #define HAVE_SYS_TYPES_H 1
| #define HAVE_SYS_STAT_H 1
| #define HAVE_STDLIB_H 1
| #define HAVE_STRING_H 1
| #define HAVE_MEMORY_H 1
| #define HAVE_STRINGS_H 1
| #define HAVE_INTTYPES_H 1
| #define HAVE_STDINT_H 1
| #define HAVE_UNISTD_H 1
| #define HAVE_DLFCN_H 1
| #define LT_OBJDIR ".libs/"
| #define HAVE_STDLIB_H 1
| #define HAVE_SYS_TIMEB_H 1
| /* end confdefs.h.  */
| #include <stdio.h>
| #ifdef HAVE_SYS_TYPES_H
| # include <sys/types.h>
| #endif
| #ifdef HAVE_SYS_STAT_H
| # include <sys/stat.h>
| #endif
| #ifdef STDC_HEADERS
| # include <stdlib.h>
| # include <stddef.h>
| #else
| # ifdef HAVE_STDLIB_H
| #  include <stdlib.h>
| # endif
| #endif
| #ifdef HAVE_STRING_H
| # if !defined STDC_HEADERS && defined HAVE_MEMORY_H
| #  include <memory.h>
| # endif
| # include <string.h>
| #endif
| #ifdef HAVE_STRINGS_H
| # include <strings.h>
| #endif
| #ifdef HAVE_INTTYPES_H
| # include <inttypes.h>
| #endif
| #ifdef HAVE_STDINT_H
| # include <stdint.h>
| #endif
| #ifdef HAVE_UNISTD_H
| # include <unistd.h>
| #endif
| int
| main ()
| {
| if (sizeof (_Bool))
| 	 return 0;
|   ;
|   return 0;
| }
configure:15312: result: no
configure:15328: checking for inline
configure:15344: g++ -c -g -O2  conftest.cpp >&5
configure:15344: $? = 0
configure:15352: result: inline
configure:15370: checking for size_t
configure:15370: g++ -c -g -O2  conftest.cpp >&5
configure:15370: $? = 0
configure:15370: g++ -c -g -O2  conftest.cpp >&5
conftest.cpp: In function 'int main()':
conftest.cpp:61: error: expected primary-expression before ')' token
configure:15370: $? = 1
configure: failed program was:
| /* confdefs.h */
| #define PACKAGE_NAME "angora"
| #define PACKAGE_TARNAME "angora"
| #define PACKAGE_VERSION "0.12.0"
| #define PACKAGE_STRING "angora 0.12.0"
| #define PACKAGE_BUGREPORT "bugs@angorafdtd.org"
| #define PACKAGE_URL ""
| #define PACKAGE "angora"
| #define VERSION "0.12.0"
| #define HAVE_SYS_TYPES_H 1
| #define HAVE_SYS_STAT_H 1
| #define HAVE_STDLIB_H 1
| #define HAVE_STRING_H 1
| #define HAVE_MEMORY_H 1
| #define HAVE_STRINGS_H 1
| #define HAVE_INTTYPES_H 1
| #define HAVE_STDINT_H 1
| #define HAVE_UNISTD_H 1
| #define HAVE_DLFCN_H 1
| #define LT_OBJDIR ".libs/"
| #define HAVE_STDLIB_H 1
| #define HAVE_SYS_TIMEB_H 1
| #define HAVE_STDBOOL_H 1
| /* end confdefs.h.  */
| #include <stdio.h>
| #ifdef HAVE_SYS_TYPES_H
| # include <sys/types.h>
| #endif
| #ifdef HAVE_SYS_STAT_H
| # include <sys/stat.h>
| #endif
| #ifdef STDC_HEADERS
| # include <stdlib.h>
| # include <stddef.h>
| #else
| # ifdef HAVE_STDLIB_H
| #  include <stdlib.h>
| # endif
| #endif
| #ifdef HAVE_STRING_H
| # if !defined STDC_HEADERS && defined HAVE_MEMORY_H
| #  include <memory.h>
| # endif
| # include <string.h>
| #endif
| #ifdef HAVE_STRINGS_H
| # include <strings.h>
| #endif
| #ifdef HAVE_INTTYPES_H
| # include <inttypes.h>
| #endif
| #ifdef HAVE_STDINT_H
| # include <stdint.h>
| #endif
| #ifdef HAVE_UNISTD_H
| # include <unistd.h>
| #endif
| int
| main ()
| {
| if (sizeof ((size_t)))
| 	    return 0;
|   ;
|   return 0;
| }
configure:15370: result: yes
configure:15385: checking for stdlib.h
configure:15385: result: yes
configure:15395: checking for GNU libc compatible malloc
configure:15419: g++ -o conftest -g -O2   conftest.cpp  >&5
configure:15419: $? = 0
configure:15419: ./conftest
configure:15419: $? = 0
configure:15429: result: yes
configure:15453: checking for floor
configure:15453: g++ -o conftest -g -O2   conftest.cpp  >&5
configure:15453: $? = 0
configure:15453: result: yes
configure:15453: checking for mkdir
configure:15453: g++ -o conftest -g -O2   conftest.cpp  >&5
configure:15453: $? = 0
configure:15453: result: yes
configure:15453: checking for pow
configure:15453: g++ -o conftest -g -O2   conftest.cpp  >&5
configure:15453: $? = 0
configure:15453: result: yes
configure:15453: checking for sqrt
configure:15453: g++ -o conftest -g -O2   conftest.cpp  >&5
configure:15453: $? = 0
configure:15453: result: yes
configure:15708: creating ./config.status

## ---------------------- ##
## Running config.status. ##
## ---------------------- ##

This file was extended by angora config.status 0.12.0, which was
generated by GNU Autoconf 2.68.  Invocation command line was

  CONFIG_FILES    = 
  CONFIG_HEADERS  = 
  CONFIG_LINKS    = 
  CONFIG_COMMANDS = 
  $ ./config.status 

on Ulysses

config.status:1189: creating Makefile
config.status:1189: creating doc/Makefile
config.status:1189: creating src/Makefile
config.status:1189: creating src/main/Makefile
config.status:1189: creating src/config/Makefile
config.status:1189: creating src/shape/Makefile
config.status:1189: creating src/material/Makefile
config.status:1189: creating src/absorb/Makefile
config.status:1189: creating src/fft/Makefile
config.status:1189: creating src/fft/kiss_D_fft/Makefile
config.status:1189: creating src/fft/kiss_F_fft/Makefile
config.status:1189: creating src/specfun/hermite/Makefile
config.status:1189: creating src/specfun/gamma/Makefile
config.status:1189: creating src/pointsources/Makefile
config.status:1189: creating src/waveforms/Makefile
config.status:1189: creating src/recorder/Makefile
config.status:1189: creating src/estimator/Makefile
config.status:1189: creating src/imaging/Makefile
config.status:1189: creating src/nffft/Makefile
config.status:1189: creating src/nffft/td/Makefile
config.status:1189: creating src/nffft/pd/Makefile
config.status:1189: creating src/tfsf/Makefile
config.status:1189: creating src/tfsf/glquad/Makefile
config.status:1189: creating src/tfsf/evan/Makefile
config.status:1189: creating config.h
config.status:1418: executing depfiles commands
config.status:1418: executing libtool commands

## ---------------- ##
## Cache variables. ##
## ---------------- ##

ac_cv_build=x86_64-unknown-linux-gnu
ac_cv_c_compiler_gnu=yes
ac_cv_c_inline=inline
ac_cv_cxx_compiler_gnu=yes
ac_cv_env_CCC_set=
ac_cv_env_CCC_value=
ac_cv_env_CC_set=
ac_cv_env_CC_value=
ac_cv_env_CFLAGS_set=
ac_cv_env_CFLAGS_value=
ac_cv_env_CPPFLAGS_set=
ac_cv_env_CPPFLAGS_value=
ac_cv_env_CPP_set=
ac_cv_env_CPP_value=
ac_cv_env_CXXCPP_set=
ac_cv_env_CXXCPP_value=
ac_cv_env_CXXFLAGS_set=
ac_cv_env_CXXFLAGS_value=
ac_cv_env_CXX_set=
ac_cv_env_CXX_value=
ac_cv_env_LDFLAGS_set=
ac_cv_env_LDFLAGS_value=
ac_cv_env_LIBS_set=
ac_cv_env_LIBS_value=
ac_cv_env_build_alias_set=
ac_cv_env_build_alias_value=
ac_cv_env_host_alias_set=
ac_cv_env_host_alias_value=
ac_cv_env_target_alias_set=
ac_cv_env_target_alias_value=
ac_cv_func_floor=yes
ac_cv_func_malloc_0_nonnull=yes
ac_cv_func_mkdir=yes
ac_cv_func_pow=yes
ac_cv_func_sqrt=yes
ac_cv_header_dlfcn_h=yes
ac_cv_header_inttypes_h=yes
ac_cv_header_memory_h=yes
ac_cv_header_stdbool_h=yes
ac_cv_header_stdc=no
ac_cv_header_stdint_h=yes
ac_cv_header_stdlib_h=yes
ac_cv_header_string_h=yes
ac_cv_header_strings_h=yes
ac_cv_header_sys_stat_h=yes
ac_cv_header_sys_timeb_h=yes
ac_cv_header_sys_types_h=yes
ac_cv_header_unistd_h=yes
ac_cv_host=x86_64-unknown-linux-gnu
ac_cv_objext=o
ac_cv_path_EGREP='/bin/grep -E'
ac_cv_path_FGREP='/bin/grep -F'
ac_cv_path_GREP=/bin/grep
ac_cv_path_SED=/bin/sed
ac_cv_path_install='/usr/bin/install -c'
ac_cv_path_mkdir=/bin/mkdir
ac_cv_prog_AWK=gawk
ac_cv_prog_CPP='gcc -E'
ac_cv_prog_CXXCPP='g++ -E'
ac_cv_prog_ac_ct_AR=ar
ac_cv_prog_ac_ct_CC=gcc
ac_cv_prog_ac_ct_CXX=g++
ac_cv_prog_ac_ct_MANIFEST_TOOL=mt
ac_cv_prog_ac_ct_OBJDUMP=objdump
ac_cv_prog_ac_ct_RANLIB=ranlib
ac_cv_prog_ac_ct_STRIP=strip
ac_cv_prog_cc_c89=
ac_cv_prog_cc_g=yes
ac_cv_prog_cxx_g=yes
ac_cv_prog_make_make_set=yes
ac_cv_type__Bool=no
ac_cv_type_size_t=yes
am_cv_CC_dependencies_compiler_type=gcc3
am_cv_CXX_dependencies_compiler_type=gcc3
lt_cv_ar_at_file=@
lt_cv_archive_cmds_need_lc=no
lt_cv_deplibs_check_method=pass_all
lt_cv_file_magic_cmd='$MAGIC_CMD'
lt_cv_file_magic_test_file=
lt_cv_ld_reload_flag=-r
lt_cv_nm_interface='BSD nm'
lt_cv_objdir=.libs
lt_cv_path_LD=/usr/bin/ld
lt_cv_path_LDCXX='/usr/bin/ld -m elf_x86_64'
lt_cv_path_NM='/usr/bin/nm -B'
lt_cv_path_mainfest_tool=no
lt_cv_prog_compiler_c_o=yes
lt_cv_prog_compiler_c_o_CXX=yes
lt_cv_prog_compiler_pic='-fPIC -DPIC'
lt_cv_prog_compiler_pic_CXX='-fPIC -DPIC'
lt_cv_prog_compiler_pic_works=yes
lt_cv_prog_compiler_pic_works_CXX=yes
lt_cv_prog_compiler_rtti_exceptions=no
lt_cv_prog_compiler_static_works=yes
lt_cv_prog_compiler_static_works_CXX=yes
lt_cv_prog_gnu_ld=yes
lt_cv_prog_gnu_ldcxx=yes
lt_cv_sharedlib_from_linklib_cmd='printf %s\n'
lt_cv_shlibpath_overrides_runpath=no
lt_cv_sys_global_symbol_pipe='sed -n -e '\''s/^.*[	 ]\([ABCDGIRSTW][ABCDGIRSTW]*\)[	 ][	 ]*\([_A-Za-z][_A-Za-z0-9]*\)$/\1 \2 \2/p'\'' | sed '\''/ __gnu_lto/d'\'''
lt_cv_sys_global_symbol_to_c_name_address='sed -n -e '\''s/^: \([^ ]*\)[ ]*$/  {\"\1\", (void *) 0},/p'\'' -e '\''s/^[ABCDGIRSTW]* \([^ ]*\) \([^ ]*\)$/  {"\2", (void *) \&\2},/p'\'''
lt_cv_sys_global_symbol_to_c_name_address_lib_prefix='sed -n -e '\''s/^: \([^ ]*\)[ ]*$/  {\"\1\", (void *) 0},/p'\'' -e '\''s/^[ABCDGIRSTW]* \([^ ]*\) \(lib[^ ]*\)$/  {"\2", (void *) \&\2},/p'\'' -e '\''s/^[ABCDGIRSTW]* \([^ ]*\) \([^ ]*\)$/  {"lib\2", (void *) \&\2},/p'\'''
lt_cv_sys_global_symbol_to_cdecl='sed -n -e '\''s/^T .* \(.*\)$/extern int \1();/p'\'' -e '\''s/^[ABCDGIRSTW]* .* \(.*\)$/extern char \1;/p'\'''
lt_cv_sys_max_cmd_len=1572864
lt_cv_to_host_file_cmd=func_convert_file_noop
lt_cv_to_tool_file_cmd=func_convert_file_noop

## ----------------- ##
## Output variables. ##
## ----------------- ##

ACLOCAL='${SHELL} /home/charles/Desktop/angora-0.12.0/missing --run aclocal-1.11'
AMDEPBACKSLASH='\'
AMDEP_FALSE='#'
AMDEP_TRUE=''
AMTAR='${SHELL} /home/charles/Desktop/angora-0.12.0/missing --run tar'
AR='ar'
AUTOCONF='${SHELL} /home/charles/Desktop/angora-0.12.0/missing --run autoconf'
AUTOHEADER='${SHELL} /home/charles/Desktop/angora-0.12.0/missing --run autoheader'
AUTOMAKE='${SHELL} /home/charles/Desktop/angora-0.12.0/missing --run automake-1.11'
AWK='gawk'
CC='gcc'
CCDEPMODE='depmode=gcc3'
CFLAGS='-g -O2'
CPP='gcc -E'
CPPFLAGS=''
CXX='h5c++'
CXXCPP='g++ -E'
CXXDEPMODE='depmode=gcc3'
CXXFLAGS='-g -O2'
CYGPATH_W='echo'
DEFS='-DHAVE_CONFIG_H'
DEPDIR='.deps'
DLLTOOL='false'
DSYMUTIL=''
DUMPBIN=''
ECHO_C=''
ECHO_N='-n'
ECHO_T=''
EGREP='/bin/grep -E'
EXEEXT=''
FGREP='/bin/grep -F'
GREP='/bin/grep'
HDF5_CLINKER='g++'
HDF5_CXX='g++'
INSTALL_DATA='${INSTALL} -m 644'
INSTALL_PROGRAM='${INSTALL}'
INSTALL_SCRIPT='${INSTALL}'
INSTALL_STRIP_PROGRAM='$(install_sh) -c -s'
LD='/usr/bin/ld -m elf_x86_64'
LDFLAGS=''
LIBOBJS=''
LIBS=''
LIBTOOL='$(SHELL) $(top_builddir)/libtool'
LIPO=''
LN_S='ln -s'
LTLIBOBJS=''
MAKEINFO='${SHELL} /home/charles/Desktop/angora-0.12.0/missing --run makeinfo'
MANIFEST_TOOL=':'
MKDIR_P='/bin/mkdir -p'
NM='/usr/bin/nm -B'
NMEDIT=''
OBJDUMP='objdump'
OBJEXT='o'
OTOOL64=''
OTOOL=''
PACKAGE='angora'
PACKAGE_BUGREPORT='bugs@angorafdtd.org'
PACKAGE_NAME='angora'
PACKAGE_STRING='angora 0.12.0'
PACKAGE_TARNAME='angora'
PACKAGE_URL=''
PACKAGE_VERSION='0.12.0'
PATH_SEPARATOR=':'
RANLIB='ranlib'
SED='/bin/sed'
SET_MAKE=''
SHELL='/bin/bash'
STRIP='strip'
VERSION='0.12.0'
ac_ct_AR='ar'
ac_ct_CC='gcc'
ac_ct_CXX='g++'
ac_ct_DUMPBIN=''
am__EXEEXT_FALSE=''
am__EXEEXT_TRUE='#'
am__fastdepCC_FALSE='#'
am__fastdepCC_TRUE=''
am__fastdepCXX_FALSE='#'
am__fastdepCXX_TRUE=''
am__include='include'
am__isrc=''
am__leading_dot='.'
am__quote=''
am__tar='${AMTAR} chof - "$$tardir"'
am__untar='${AMTAR} xf -'
bindir='${exec_prefix}/bin'
blitzdir=''
boostdir=''
build='x86_64-unknown-linux-gnu'
build_alias=''
build_cpu='x86_64'
build_os='linux-gnu'
build_vendor='unknown'
datadir='${datarootdir}'
datarootdir='${prefix}/share'
docdir='${datarootdir}/doc/${PACKAGE_TARNAME}'
dvidir='${docdir}'
exec_prefix='${prefix}'
host='x86_64-unknown-linux-gnu'
host_alias=''
host_cpu='x86_64'
host_os='linux-gnu'
host_vendor='unknown'
htmldir='${docdir}'
includedir='${prefix}/include'
infodir='${datarootdir}/info'
install_sh='${SHELL} /home/charles/Desktop/angora-0.12.0/install-sh'
libconfigdir=''
libdir='${exec_prefix}/lib'
libexecdir='${exec_prefix}/libexec'
localedir='${datarootdir}/locale'
localstatedir='${prefix}/var'
mandir='${datarootdir}/man'
mkdir_p='/bin/mkdir -p'
oldincludedir='/usr/include'
pdfdir='${docdir}'
prefix='/usr/local'
program_transform_name='s,x,x,'
psdir='${docdir}'
sbindir='${exec_prefix}/sbin'
sharedstatedir='${prefix}/com'
sysconfdir='${prefix}/etc'
target_alias=''

## ----------- ##
## confdefs.h. ##
## ----------- ##

/* confdefs.h */
#define PACKAGE_NAME "angora"
#define PACKAGE_TARNAME "angora"
#define PACKAGE_VERSION "0.12.0"
#define PACKAGE_STRING "angora 0.12.0"
#define PACKAGE_BUGREPORT "bugs@angorafdtd.org"
#define PACKAGE_URL ""
#define PACKAGE "angora"
#define VERSION "0.12.0"
#define HAVE_SYS_TYPES_H 1
#define HAVE_SYS_STAT_H 1
#define HAVE_STDLIB_H 1
#define HAVE_STRING_H 1
#define HAVE_MEMORY_H 1
#define HAVE_STRINGS_H 1
#define HAVE_INTTYPES_H 1
#define HAVE_STDINT_H 1
#define HAVE_UNISTD_H 1
#define HAVE_DLFCN_H 1
#define LT_OBJDIR ".libs/"
#define HAVE_STDLIB_H 1
#define HAVE_SYS_TIMEB_H 1
#define HAVE_STDBOOL_H 1
#define HAVE_STDLIB_H 1
#define HAVE_MALLOC 1
#define HAVE_FLOOR 1
#define HAVE_MKDIR 1
#define HAVE_POW 1
#define HAVE_SQRT 1
#define MPI_DISABLE /**/
#define angora_cfgdir "./cfg"

configure: exit 0
